FATAL [Thread-6] 2018-06-21 15:21:35,154 repast.simphony.ui.GUIScheduleRunner - RunTimeException when running the schedule
Current tick (1.0)
java.lang.RuntimeException: java.lang.reflect.InvocationTargetException
	at repast.simphony.engine.schedule.DynamicTargetAction.execute(DynamicTargetAction.java:72)
	at repast.simphony.engine.controller.ScheduledMethodControllerAction$ScheduleMethodAllAction.execute(ScheduledMethodControllerAction.java:333)
	at repast.simphony.engine.schedule.DefaultAction.execute(DefaultAction.java:38)
	at repast.simphony.engine.schedule.ScheduleGroup.executeList(ScheduleGroup.java:205)
	at repast.simphony.engine.schedule.ScheduleGroup.execute(ScheduleGroup.java:231)
	at repast.simphony.engine.schedule.Schedule.execute(Schedule.java:352)
	at repast.simphony.ui.GUIScheduleRunner$ScheduleLoopRunnable.run(GUIScheduleRunner.java:52)
	at java.lang.Thread.run(Thread.java:745)
Caused by: java.lang.reflect.InvocationTargetException
	at cyberfit.relogo.UserObserver$$FastClassByCGLIB$$3a39e39b.invoke(<generated>)
	at net.sf.cglib.reflect.FastMethod.invoke(FastMethod.java:53)
	at repast.simphony.engine.schedule.DynamicTargetAction.execute(DynamicTargetAction.java:69)
	... 7 more
Caused by: groovy.lang.MissingPropertyException: No such property: Terrains for class: cyberfit.relogo.UserObserver
	at org.codehaus.groovy.runtime.ScriptBytecodeAdapter.unwrap(ScriptBytecodeAdapter.java:53)
	at org.codehaus.groovy.vmplugin.v7.IndyGuardsFiltersAndSignatures.unwrap(IndyGuardsFiltersAndSignatures.java:177)
	at org.codehaus.groovy.vmplugin.v7.IndyInterface.selectMethod(IndyInterface.java:232)
	at cyberfit.relogo.UserObserver.go(UserObserver.groovy:30)
	... 10 more
FATAL [Thread-6] 2018-06-21 15:22:28,187 repast.simphony.ui.GUIScheduleRunner - RunTimeException when running the schedule
Current tick (1.0)
java.lang.RuntimeException: java.lang.reflect.InvocationTargetException
	at repast.simphony.engine.schedule.DynamicTargetAction.execute(DynamicTargetAction.java:72)
	at repast.simphony.engine.controller.ScheduledMethodControllerAction$ScheduleMethodAllAction.execute(ScheduledMethodControllerAction.java:333)
	at repast.simphony.engine.schedule.DefaultAction.execute(DefaultAction.java:38)
	at repast.simphony.engine.schedule.ScheduleGroup.executeList(ScheduleGroup.java:205)
	at repast.simphony.engine.schedule.ScheduleGroup.execute(ScheduleGroup.java:231)
	at repast.simphony.engine.schedule.Schedule.execute(Schedule.java:352)
	at repast.simphony.ui.GUIScheduleRunner$ScheduleLoopRunnable.run(GUIScheduleRunner.java:52)
	at java.lang.Thread.run(Thread.java:745)
Caused by: java.lang.reflect.InvocationTargetException
	at cyberfit.relogo.UserObserver$$FastClassByCGLIB$$3a39e39b.invoke(<generated>)
	at net.sf.cglib.reflect.FastMethod.invoke(FastMethod.java:53)
	at repast.simphony.engine.schedule.DynamicTargetAction.execute(DynamicTargetAction.java:69)
	... 7 more
Caused by: groovy.lang.MissingPropertyException: No such property: terrains for class: cyberfit.relogo.UserObserver
	at org.codehaus.groovy.runtime.ScriptBytecodeAdapter.unwrap(ScriptBytecodeAdapter.java:53)
	at org.codehaus.groovy.vmplugin.v7.IndyGuardsFiltersAndSignatures.unwrap(IndyGuardsFiltersAndSignatures.java:177)
	at org.codehaus.groovy.vmplugin.v7.IndyInterface.selectMethod(IndyInterface.java:232)
	at cyberfit.relogo.UserObserver.go(UserObserver.groovy:30)
	... 10 more
FATAL [Thread-6] 2018-06-21 15:46:14,794 repast.simphony.ui.GUIScheduleRunner - RunTimeException when running the schedule
Current tick (0.0)
java.lang.RuntimeException: java.lang.reflect.InvocationTargetException
	at repast.simphony.engine.schedule.DynamicTargetAction.execute(DynamicTargetAction.java:72)
	at repast.simphony.engine.controller.ScheduledMethodControllerAction$ScheduleMethodAllAction.execute(ScheduledMethodControllerAction.java:333)
	at repast.simphony.engine.schedule.DefaultAction.execute(DefaultAction.java:38)
	at repast.simphony.engine.schedule.ScheduleGroup.executeList(ScheduleGroup.java:205)
	at repast.simphony.engine.schedule.ScheduleGroup.execute(ScheduleGroup.java:231)
	at repast.simphony.engine.schedule.Schedule.execute(Schedule.java:352)
	at repast.simphony.ui.GUIScheduleRunner$ScheduleLoopRunnable.run(GUIScheduleRunner.java:52)
	at java.lang.Thread.run(Thread.java:745)
Caused by: java.lang.reflect.InvocationTargetException
	at cyberfit.relogo.UserObserver$$FastClassByCGLIB$$3a39e39b.invoke(<generated>)
	at net.sf.cglib.reflect.FastMethod.invoke(FastMethod.java:53)
	at repast.simphony.engine.schedule.DynamicTargetAction.execute(DynamicTargetAction.java:69)
	... 7 more
Caused by: groovy.lang.MissingMethodException: No signature of method: cyberfit.relogo.UserObserver.createDefender() is applicable for argument types: (Integer, cyberfit.relogo.UserObserver$_loadBaseTerrain_closure9) values: [1, cyberfit.relogo.UserObserver$_loadBaseTerrain_closure9@44345262]
Possible solutions: createDefenders(int), createDefenders(int, groovy.lang.Closure)
	at org.codehaus.groovy.runtime.ScriptBytecodeAdapter.unwrap(ScriptBytecodeAdapter.java:58)
	at org.codehaus.groovy.vmplugin.v7.IndyGuardsFiltersAndSignatures.unwrap(IndyGuardsFiltersAndSignatures.java:177)
	at org.codehaus.groovy.vmplugin.v7.IndyInterface.selectMethod(IndyInterface.java:232)
	at cyberfit.relogo.UserObserver.loadBaseTerrain(UserObserver.groovy:67)
	at org.codehaus.groovy.vmplugin.v7.IndyInterface.selectMethod(IndyInterface.java:232)
	at cyberfit.relogo.UserObserver.setup(UserObserver.groovy:21)
	... 10 more
